#
# There is insufficient memory for the Java Runtime Environment to continue.
# Native memory allocation (malloc) failed to allocate 1994096 bytes for Chunk::new
# Possible reasons:
#   The system is out of physical RAM or swap space
#   The process is running with CompressedOops enabled, and the Java Heap may be blocking the growth of the native heap
# Possible solutions:
#   Reduce memory load on the system
#   Increase physical memory or swap space
#   Check if swap backing store is full
#   Decrease Java heap size (-Xmx/-Xms)
#   Decrease number of Java threads
#   Decrease Java thread stack sizes (-Xss)
#   Set larger code cache with -XX:ReservedCodeCacheSize=
#   JVM is running with Unscaled Compressed Oops mode in which the Java heap is
#     placed in the first 4GB address space. The Java Heap base address is the
#     maximum limit for the native heap growth. Please use -XX:HeapBaseMinAddress
#     to set the Java Heap base and to place the Java Heap above 4GB virtual address.
# This output file may be truncated or incomplete.
#
#  Out of Memory Error (arena.cpp:189), pid=1420, tid=30324
#
# JRE version: OpenJDK Runtime Environment Temurin-17.0.4.1+1 (17.0.4.1+1) (build 17.0.4.1+1)
# Java VM: OpenJDK 64-Bit Server VM Temurin-17.0.4.1+1 (17.0.4.1+1, mixed mode, tiered, compressed oops, compressed class ptrs, parallel gc, windows-amd64)
# No core dump will be written. Minidumps are not enabled by default on client versions of Windows
#

---------------  S U M M A R Y ------------

Command Line: --add-modules=ALL-SYSTEM --add-opens=java.base/java.util=ALL-UNNAMED --add-opens=java.base/java.lang=ALL-UNNAMED --add-opens=java.base/sun.nio.fs=ALL-UNNAMED -Declipse.application=org.eclipse.jdt.ls.core.id1 -Dosgi.bundles.defaultStartLevel=4 -Declipse.product=org.eclipse.jdt.ls.core.product -Djava.import.generatesMetadataFilesAtProjectRoot=false -Dfile.encoding=utf8 -XX:+UseParallelGC -XX:GCTimeRatio=4 -XX:AdaptiveSizePolicyWeight=90 -Dsun.zip.disableMemoryMapping=true -Xmx1G -Xms100m -Xlog:disable -javaagent:c:\Users\LENOVO\.antigravity\extensions\redhat.java-1.12.0-win32-x64\lombok\lombok-1.18.24.jar -XX:+HeapDumpOnOutOfMemoryError -XX:HeapDumpPath=c:\Users\LENOVO\AppData\Roaming\Antigravity\User\workspaceStorage\4f07680e74e7cd7b2922071f878adf02\redhat.java c:\Users\LENOVO\.antigravity\extensions\redhat.java-1.12.0-win32-x64\server\plugins\org.eclipse.equinox.launcher_1.6.400.v20210924-0641.jar -configuration c:\Users\LENOVO\AppData\Roaming\Antigravity\User\globalStorage\redhat.java\1.12.0\config_win -data c:\Users\LENOVO\AppData\Roaming\Antigravity\User\workspaceStorage\4f07680e74e7cd7b2922071f878adf02\redhat.java\jdt_ws

Host: 12th Gen Intel(R) Core(TM) i5-12450HX, 12 cores, 15G,  Windows 11 , 64 bit Build 26100 (10.0.26100.7920)
Time: Sun Mar 22 12:33:07 2026 India Standard Time elapsed time: 18.243815 seconds (0d 0h 0m 18s)

---------------  T H R E A D  ---------------

Current thread (0x00000203cd53b380):  JavaThread "C2 CompilerThread1" daemon [_thread_in_native, id=30324, stack(0x0000003917e00000,0x0000003917f00000)]


Current CompileTask:
C2:  18243 5778   !   4       org.eclipse.osgi.internal.loader.classpath.ClasspathManager::defineClass (636 bytes)

Stack: [0x0000003917e00000,0x0000003917f00000]
Native frames: (J=compiled Java code, j=interpreted, Vv=VM code, C=native code)
V  [jvm.dll+0x67731a]
V  [jvm.dll+0x832284]
V  [jvm.dll+0x833a2e]
V  [jvm.dll+0x834093]
V  [jvm.dll+0x245775]
V  [jvm.dll+0xabd7b]
V  [jvm.dll+0xac30c]
V  [jvm.dll+0x363a42]
V  [jvm.dll+0x1bbf38]
V  [jvm.dll+0x2187d9]
V  [jvm.dll+0x217aa1]
V  [jvm.dll+0x1a3f8d]
V  [jvm.dll+0x227498]
V  [jvm.dll+0x2255e5]
V  [jvm.dll+0x7e7e9b]
V  [jvm.dll+0x7e240a]
V  [jvm.dll+0x6761a5]
C  [ucrtbase.dll+0x37b0]
C  [KERNEL32.DLL+0x2e8d7]
C  [ntdll.dll+0x8c48c]


---------------  P R O C E S S  ---------------

Threads class SMR info:
_java_thread_list=0x00000203d1f08aa0, length=30, elements={
0x00000203b4854b60, 0x00000203ca3f3eb0, 0x00000203ca3f4a30, 0x00000203cbec5020,
0x00000203cbec68f0, 0x00000203cbef5b90, 0x00000203cbefc100, 0x00000203cbeff010,
0x00000203ca3fb730, 0x00000203ca3fe300, 0x00000203cbfb0a10, 0x00000203cc18aae0,
0x00000203cd629910, 0x00000203ce9bb4c0, 0x00000203ce9bccd0, 0x00000203ce9bbe60,
0x00000203ce9be010, 0x00000203ced7d440, 0x00000203ced7d910, 0x00000203ced812d0,
0x00000203ced80e00, 0x00000203ced817a0, 0x00000203ced7ec50, 0x00000203ced7dde0,
0x00000203ced80930, 0x00000203ced7ff90, 0x00000203ced81c70, 0x00000203ced80460,
0x00000203ced7e780, 0x00000203cd53b380
}

Java Threads: ( => current thread )
  0x00000203b4854b60 JavaThread "main" [_thread_blocked, id=16880, stack(0x0000003916800000,0x0000003916900000)]
  0x00000203ca3f3eb0 JavaThread "Reference Handler" daemon [_thread_blocked, id=17428, stack(0x0000003916b00000,0x0000003916c00000)]
  0x00000203ca3f4a30 JavaThread "Finalizer" daemon [_thread_blocked, id=30040, stack(0x0000003916c00000,0x0000003916d00000)]
  0x00000203cbec5020 JavaThread "Signal Dispatcher" daemon [_thread_blocked, id=24276, stack(0x0000003916d00000,0x0000003916e00000)]
  0x00000203cbec68f0 JavaThread "Attach Listener" daemon [_thread_blocked, id=11304, stack(0x0000003916e00000,0x0000003916f00000)]
  0x00000203cbef5b90 JavaThread "Service Thread" daemon [_thread_blocked, id=30708, stack(0x0000003916f00000,0x0000003917000000)]
  0x00000203cbefc100 JavaThread "Monitor Deflation Thread" daemon [_thread_blocked, id=24088, stack(0x0000003917000000,0x0000003917100000)]
  0x00000203cbeff010 JavaThread "C2 CompilerThread0" daemon [_thread_in_native, id=17520, stack(0x0000003917100000,0x0000003917200000)]
  0x00000203ca3fb730 JavaThread "C1 CompilerThread0" daemon [_thread_blocked, id=30864, stack(0x0000003917200000,0x0000003917300000)]
  0x00000203ca3fe300 JavaThread "Sweeper thread" daemon [_thread_blocked, id=30808, stack(0x0000003917300000,0x0000003917400000)]
  0x00000203cbfb0a10 JavaThread "Common-Cleaner" daemon [_thread_blocked, id=16868, stack(0x0000003917400000,0x0000003917500000)]
  0x00000203cc18aae0 JavaThread "Notification Thread" daemon [_thread_blocked, id=13600, stack(0x0000003917500000,0x0000003917600000)]
  0x00000203cd629910 JavaThread "Active Thread: Equinox Container: 3a9a73aa-3ea9-4bb9-a9c8-6e3b41dd2d72" [_thread_blocked, id=24220, stack(0x0000003918400000,0x0000003918500000)]
  0x00000203ce9bb4c0 JavaThread "Framework Event Dispatcher: Equinox Container: 3a9a73aa-3ea9-4bb9-a9c8-6e3b41dd2d72" daemon [_thread_blocked, id=21724, stack(0x0000003918500000,0x0000003918600000)]
  0x00000203ce9bccd0 JavaThread "Start Level: Equinox Container: 3a9a73aa-3ea9-4bb9-a9c8-6e3b41dd2d72" daemon [_thread_blocked, id=25200, stack(0x0000003918600000,0x0000003918700000)]
  0x00000203ce9bbe60 JavaThread "Refresh Thread: Equinox Container: 3a9a73aa-3ea9-4bb9-a9c8-6e3b41dd2d72" daemon [_thread_blocked, id=22184, stack(0x0000003918800000,0x0000003918900000)]
  0x00000203ce9be010 JavaThread "SCR Component Actor" daemon [_thread_blocked, id=20620, stack(0x0000003919000000,0x0000003919100000)]
  0x00000203ced7d440 JavaThread "Worker-JM" [_thread_blocked, id=23356, stack(0x0000003919200000,0x0000003919300000)]
  0x00000203ced7d910 JavaThread "Worker-0" [_thread_blocked, id=24540, stack(0x0000003919400000,0x0000003919500000)]
  0x00000203ced812d0 JavaThread "Worker-1: Initialize Workspace" [_thread_in_native, id=14676, stack(0x0000003919500000,0x0000003919600000)]
  0x00000203ced80e00 JavaThread "Bundle File Closer" daemon [_thread_blocked, id=16352, stack(0x0000003919600000,0x0000003919700000)]
  0x00000203ced817a0 JavaThread "Java indexing" daemon [_thread_blocked, id=28496, stack(0x0000003919700000,0x0000003919800000)]
  0x00000203ced7ec50 JavaThread "JNA Cleaner" daemon [_thread_blocked, id=26876, stack(0x0000003919800000,0x0000003919900000)]
  0x00000203ced7dde0 JavaThread "pool-2-thread-1" [_thread_blocked, id=30172, stack(0x0000003919b00000,0x0000003919c00000)]
  0x00000203ced80930 JavaThread "Worker-2" [_thread_blocked, id=20440, stack(0x0000003919c00000,0x0000003919d00000)]
  0x00000203ced7ff90 JavaThread "pool-1-thread-1" [_thread_blocked, id=18032, stack(0x0000003919d00000,0x0000003919e00000)]
  0x00000203ced81c70 JavaThread "Worker-3" [_thread_blocked, id=11960, stack(0x0000003919e00000,0x0000003919f00000)]
  0x00000203ced80460 JavaThread "Worker-4" [_thread_blocked, id=24936, stack(0x0000003919f00000,0x000000391a000000)]
  0x00000203ced7e780 JavaThread "Timer-0" [_thread_blocked, id=15292, stack(0x0000003917800000,0x0000003917900000)]
=>0x00000203cd53b380 JavaThread "C2 CompilerThread1" daemon [_thread_in_native, id=30324, stack(0x0000003917e00000,0x0000003917f00000)]

Other Threads:
  0x00000203ca3e12e0 VMThread "VM Thread" [stack: 0x0000003916a00000,0x0000003916b00000] [id=29456]
  0x00000203cc18afb0 WatcherThread [stack: 0x0000003917600000,0x0000003917700000] [id=14892]
  0x00000203b486aaa0 GCTaskThread "GC Thread#0" [stack: 0x0000003916900000,0x0000003916a00000] [id=28256]
  0x00000203cd7d86a0 GCTaskThread "GC Thread#1" [stack: 0x0000003917900000,0x0000003917a00000] [id=25248]
  0x00000203cd7d8950 GCTaskThread "GC Thread#2" [stack: 0x0000003917a00000,0x0000003917b00000] [id=31164]
  0x00000203cd7d8c00 GCTaskThread "GC Thread#3" [stack: 0x0000003917b00000,0x0000003917c00000] [id=12620]
  0x00000203cd7d8eb0 GCTaskThread "GC Thread#4" [stack: 0x0000003917c00000,0x0000003917d00000] [id=952]
  0x00000203cdb6ab40 GCTaskThread "GC Thread#5" [stack: 0x0000003917d00000,0x0000003917e00000] [id=15696]
  0x00000203cd89cc20 GCTaskThread "GC Thread#6" [stack: 0x0000003918700000,0x0000003918800000] [id=23808]
  0x00000203cedb4e50 GCTaskThread "GC Thread#7" [stack: 0x0000003918f00000,0x0000003919000000] [id=32664]
  0x00000203d00ef6a0 GCTaskThread "GC Thread#8" [stack: 0x0000003919100000,0x0000003919200000] [id=29524]
  0x00000203d00efc00 GCTaskThread "GC Thread#9" [stack: 0x0000003919300000,0x0000003919400000] [id=23056]

Threads with active compile tasks:
C2 CompilerThread1    18262 5778   !   4       org.eclipse.osgi.internal.loader.classpath.ClasspathManager::defineClass (636 bytes)

VM state: not at safepoint (normal execution)

VM Mutex/Monitor currently owned by a thread: None

Heap address: 0x00000000c0000000, size: 1024 MB, Compressed Oops mode: 32-bit

CDS archive(s) not mapped
Compressed class space mapped at: 0x0000000100000000-0x0000000140000000, reserved size: 1073741824
Narrow klass base: 0x0000000000000000, Narrow klass shift: 3, Narrow klass range: 0x140000000

GC Precious Log:
 CPUs: 12 total, 12 available
 Memory: 16091M
 Large Page Support: Disabled
 NUMA Support: Disabled
 Compressed Oops: Enabled (32-bit)
 Alignments: Space 512K, Generation 512K, Heap 2M
 Heap Min Capacity: 100M
 Heap Initial Capacity: 100M
 Heap Max Capacity: 1G
 Pre-touch: Disabled
 Parallel Workers: 10

Heap:
 PSYoungGen      total 20992K, used 3854K [0x00000000eab00000, 0x00000000ec300000, 0x0000000100000000)
  eden space 19968K, 15% used [0x00000000eab00000,0x00000000eae0db88,0x00000000ebe80000)
  from space 1024K, 71% used [0x00000000ec100000,0x00000000ec1b6048,0x00000000ec200000)
  to   space 1024K, 0% used [0x00000000ec200000,0x00000000ec200000,0x00000000ec300000)
 ParOldGen       total 68608K, used 31118K [0x00000000c0000000, 0x00000000c4300000, 0x00000000eab00000)
  object space 68608K, 45% used [0x00000000c0000000,0x00000000c1e63a08,0x00000000c4300000)
 Metaspace       used 46010K, committed 46784K, reserved 1097728K
  class space    used 4879K, committed 5248K, reserved 1048576K

Card table byte_map: [0x00000203c7c90000,0x00000203c7ea0000] _byte_map_base: 0x00000203c7690000

Marking Bits: (ParMarkBitMap*) 0x00007ffbe6f02cc0
 Begin Bits: [0x00000203c8000000, 0x00000203c9000000)
 End Bits:   [0x00000203c9000000, 0x00000203ca000000)

Polling page: 0x00000203b4380000

Metaspace:

Usage:
  Non-class:     40.17 MB used.
      Class:      4.77 MB used.
       Both:     44.93 MB used.

Virtual space:
  Non-class space:       48.00 MB reserved,      40.56 MB ( 85%) committed,  6 nodes.
      Class space:        1.00 GB reserved,       5.12 MB ( <1%) committed,  1 nodes.
             Both:        1.05 GB reserved,      45.69 MB (  4%) committed. 

Chunk freelists:
   Non-Class:  3.44 MB
       Class:  2.84 MB
        Both:  6.28 MB

MaxMetaspaceSize: unlimited
CompressedClassSpaceSize: 1.00 GB
Initial GC threshold: 21.00 MB
Current GC threshold: 58.38 MB
CDS: off
MetaspaceReclaimPolicy: balanced
 - commit_granule_bytes: 65536.
 - commit_granule_words: 8192.
 - virtual_space_node_default_size: 1048576.
 - enlarge_chunks_in_place: 1.
 - new_chunks_are_fully_committed: 0.
 - uncommit_free_chunks: 1.
 - use_allocation_guard: 0.
 - handle_deallocations: 1.


Internal statistics:

num_allocs_failed_limit: 6.
num_arena_births: 302.
num_arena_deaths: 14.
num_vsnodes_births: 7.
num_vsnodes_deaths: 0.
num_space_committed: 731.
num_space_uncommitted: 0.
num_chunks_returned_to_freelist: 20.
num_chunks_taken_from_freelist: 1713.
num_chunk_merges: 10.
num_chunk_splits: 1147.
num_chunks_enlarged: 780.
num_purges: 2.
num_inconsistent_stats: 0.

CodeHeap 'non-profiled nmethods': size=120000Kb used=3003Kb max_used=3045Kb free=116996Kb
 bounds [0x00000203c0580000, 0x00000203c0890000, 0x00000203c7ab0000]
CodeHeap 'profiled nmethods': size=120000Kb used=10238Kb max_used=11369Kb free=109761Kb
 bounds [0x00000203b9050000, 0x00000203b9b70000, 0x00000203c0580000]
CodeHeap 'non-nmethods': size=5760Kb used=1302Kb max_used=1352Kb free=4457Kb
 bounds [0x00000203b8ab0000, 0x00000203b8d20000, 0x00000203b9050000]
 total_blobs=5561 nmethods=4935 adapters=540
 compilation: enabled
              stopped_count=0, restarted_count=0
 full_count=0

Compilation events (20 events):
Event: 18.011 Thread 0x00000203d1fa00b0 nmethod 5821 0x00000203c0795510 code [0x00000203c0795680, 0x00000203c0795718]
Event: 18.016 Thread 0x00000203ca3fb730 5822       3       org.eclipse.core.internal.dtree.DeltaDataTree::lookup (158 bytes)
Event: 18.016 Thread 0x00000203ca3fb730 nmethod 5822 0x00000203b91ab990 code [0x00000203b91abc00, 0x00000203b91ac858]
Event: 18.027 Thread 0x00000203cbeff010 nmethod 5773 0x00000203c05eeb10 code [0x00000203c05eed40, 0x00000203c05f06a8]
Event: 18.042 Thread 0x00000203ca3fb730 5823       3       org.eclipse.core.runtime.Path::toOSString (227 bytes)
Event: 18.043 Thread 0x00000203ca3fb730 nmethod 5823 0x00000203b90bf510 code [0x00000203b90bf760, 0x00000203b90c01c8]
Event: 18.066 Thread 0x00000203cbeff010 5824       4       org.eclipse.core.runtime.Path::computeFlags (143 bytes)
Event: 18.068 Thread 0x00000203cbeff010 nmethod 5824 0x00000203c0794c10 code [0x00000203c0794dc0, 0x00000203c0795110]
Event: 18.121 Thread 0x00000203cbeff010 5825       4       org.eclipse.core.runtime.Path::append (150 bytes)
Event: 18.126 Thread 0x00000203cbeff010 nmethod 5825 0x00000203c05bca10 code [0x00000203c05bcbe0, 0x00000203c05bd668]
Event: 18.126 Thread 0x00000203cbeff010 5826       4       java.nio.ByteBuffer::limit (8 bytes)
Event: 18.127 Thread 0x00000203cbeff010 nmethod 5826 0x00000203c0794890 code [0x00000203c0794a00, 0x00000203c0794af8]
Event: 18.181 Thread 0x00000203cbeff010 5827  s    4       org.eclipse.core.internal.watson.ElementTree::getElementData (60 bytes)
Event: 18.183 Thread 0x00000203cbeff010 nmethod 5827 0x00000203c063f590 code [0x00000203c063f720, 0x00000203c063f9f8]
Event: 18.183 Thread 0x00000203cbeff010 5828       4       org.eclipse.core.filesystem.provider.FileInfo::getAttribute (65 bytes)
Event: 18.184 Thread 0x00000203cbeff010 nmethod 5828 0x00000203c05bc710 code [0x00000203c05bc880, 0x00000203c05bc958]
Event: 18.192 Thread 0x00000203ca3fb730 5829       3       java.util.ArrayList$ArrayListSpliterator::forEachRemaining (127 bytes)
Event: 18.193 Thread 0x00000203ca3fb730 nmethod 5829 0x00000203b9a8d610 code [0x00000203b9a8d800, 0x00000203b9a8de08]
Event: 18.235 Thread 0x00000203cbeff010 5830       4       java.nio.ByteBuffer::<init> (47 bytes)
Event: 18.236 Thread 0x00000203cbeff010 nmethod 5830 0x00000203c063f110 code [0x00000203c063f2a0, 0x00000203c063f3f8]

GC Heap History (20 events):
Event: 14.850 GC heap before
{Heap before GC invocations=16 (full 2):
 PSYoungGen      total 23552K, used 23543K [0x00000000eab00000, 0x00000000ec700000, 0x0000000100000000)
  eden space 22016K, 100% used [0x00000000eab00000,0x00000000ec080000,0x00000000ec080000)
  from space 1536K, 99% used [0x00000000ec480000,0x00000000ec5fdca8,0x00000000ec600000)
  to   space 1024K, 0% used [0x00000000ec600000,0x00000000ec600000,0x00000000ec700000)
 ParOldGen       total 68608K, used 15302K [0x00000000c0000000, 0x00000000c4300000, 0x00000000eab00000)
  object space 68608K, 22% used [0x00000000c0000000,0x00000000c0ef1958,0x00000000c4300000)
 Metaspace       used 43836K, committed 44544K, reserved 1089536K
  class space    used 4627K, committed 4928K, reserved 1048576K
}
Event: 14.851 GC heap after
{Heap after GC invocations=16 (full 2):
 PSYoungGen      total 23040K, used 1008K [0x00000000eab00000, 0x00000000ec700000, 0x0000000100000000)
  eden space 22016K, 0% used [0x00000000eab00000,0x00000000eab00000,0x00000000ec080000)
  from space 1024K, 98% used [0x00000000ec600000,0x00000000ec6fc010,0x00000000ec700000)
  to   space 3072K, 0% used [0x00000000ec100000,0x00000000ec100000,0x00000000ec400000)
 ParOldGen       total 68608K, used 17052K [0x00000000c0000000, 0x00000000c4300000, 0x00000000eab00000)
  object space 68608K, 24% used [0x00000000c0000000,0x00000000c10a7280,0x00000000c4300000)
 Metaspace       used 43836K, committed 44544K, reserved 1089536K
  class space    used 4627K, committed 4928K, reserved 1048576K
}
Event: 14.993 GC heap before
{Heap before GC invocations=17 (full 2):
 PSYoungGen      total 23040K, used 23024K [0x00000000eab00000, 0x00000000ec700000, 0x0000000100000000)
  eden space 22016K, 100% used [0x00000000eab00000,0x00000000ec080000,0x00000000ec080000)
  from space 1024K, 98% used [0x00000000ec600000,0x00000000ec6fc010,0x00000000ec700000)
  to   space 3072K, 0% used [0x00000000ec100000,0x00000000ec100000,0x00000000ec400000)
 ParOldGen       total 68608K, used 17052K [0x00000000c0000000, 0x00000000c4300000, 0x00000000eab00000)
  object space 68608K, 24% used [0x00000000c0000000,0x00000000c10a7280,0x00000000c4300000)
 Metaspace       used 44541K, committed 45312K, reserved 1089536K
  class space    used 4714K, committed 5056K, reserved 1048576K
}
Event: 14.995 GC heap after
{Heap after GC invocations=17 (full 2):
 PSYoungGen      total 25088K, used 1856K [0x00000000eab00000, 0x00000000ec680000, 0x0000000100000000)
  eden space 22016K, 0% used [0x00000000eab00000,0x00000000eab00000,0x00000000ec080000)
  from space 3072K, 60% used [0x00000000ec100000,0x00000000ec2d0020,0x00000000ec400000)
  to   space 2560K, 0% used [0x00000000ec400000,0x00000000ec400000,0x00000000ec680000)
 ParOldGen       total 68608K, used 18039K [0x00000000c0000000, 0x00000000c4300000, 0x00000000eab00000)
  object space 68608K, 26% used [0x00000000c0000000,0x00000000c119dc00,0x00000000c4300000)
 Metaspace       used 44541K, committed 45312K, reserved 1089536K
  class space    used 4714K, committed 5056K, reserved 1048576K
}
Event: 15.103 GC heap before
{Heap before GC invocations=18 (full 2):
 PSYoungGen      total 25088K, used 23872K [0x00000000eab00000, 0x00000000ec680000, 0x0000000100000000)
  eden space 22016K, 100% used [0x00000000eab00000,0x00000000ec080000,0x00000000ec080000)
  from space 3072K, 60% used [0x00000000ec100000,0x00000000ec2d0020,0x00000000ec400000)
  to   space 2560K, 0% used [0x00000000ec400000,0x00000000ec400000,0x00000000ec680000)
 ParOldGen       total 68608K, used 18039K [0x00000000c0000000, 0x00000000c4300000, 0x00000000eab00000)
  object space 68608K, 26% used [0x00000000c0000000,0x00000000c119dc00,0x00000000c4300000)
 Metaspace       used 44599K, committed 45376K, reserved 1089536K
  class space    used 4716K, committed 5056K, reserved 1048576K
}
Event: 15.105 GC heap after
{Heap after GC invocations=18 (full 2):
 PSYoungGen      total 24064K, used 1888K [0x00000000eab00000, 0x00000000ec600000, 0x0000000100000000)
  eden space 22016K, 0% used [0x00000000eab00000,0x00000000eab00000,0x00000000ec080000)
  from space 2048K, 92% used [0x00000000ec400000,0x00000000ec5d8000,0x00000000ec600000)
  to   space 2048K, 0% used [0x00000000ec200000,0x00000000ec200000,0x00000000ec400000)
 ParOldGen       total 68608K, used 19789K [0x00000000c0000000, 0x00000000c4300000, 0x00000000eab00000)
  object space 68608K, 28% used [0x00000000c0000000,0x00000000c1353508,0x00000000c4300000)
 Metaspace       used 44599K, committed 45376K, reserved 1089536K
  class space    used 4716K, committed 5056K, reserved 1048576K
}
Event: 15.171 GC heap before
{Heap before GC invocations=19 (full 2):
 PSYoungGen      total 24064K, used 23904K [0x00000000eab00000, 0x00000000ec600000, 0x0000000100000000)
  eden space 22016K, 100% used [0x00000000eab00000,0x00000000ec080000,0x00000000ec080000)
  from space 2048K, 92% used [0x00000000ec400000,0x00000000ec5d8000,0x00000000ec600000)
  to   space 2048K, 0% used [0x00000000ec200000,0x00000000ec200000,0x00000000ec400000)
 ParOldGen       total 68608K, used 19789K [0x00000000c0000000, 0x00000000c4300000, 0x00000000eab00000)
  object space 68608K, 28% used [0x00000000c0000000,0x00000000c1353508,0x00000000c4300000)
 Metaspace       used 44646K, committed 45440K, reserved 1089536K
  class space    used 4726K, committed 5056K, reserved 1048576K
}
Event: 15.173 GC heap after
{Heap after GC invocations=19 (full 2):
 PSYoungGen      total 24064K, used 2016K [0x00000000eab00000, 0x00000000eca80000, 0x0000000100000000)
  eden space 22016K, 0% used [0x00000000eab00000,0x00000000eab00000,0x00000000ec080000)
  from space 2048K, 98% used [0x00000000ec200000,0x00000000ec3f8020,0x00000000ec400000)
  to   space 5120K, 0% used [0x00000000ec580000,0x00000000ec580000,0x00000000eca80000)
 ParOldGen       total 68608K, used 22109K [0x00000000c0000000, 0x00000000c4300000, 0x00000000eab00000)
  object space 68608K, 32% used [0x00000000c0000000,0x00000000c1597508,0x00000000c4300000)
 Metaspace       used 44646K, committed 45440K, reserved 1089536K
  class space    used 4726K, committed 5056K, reserved 1048576K
}
Event: 15.239 GC heap before
{Heap before GC invocations=20 (full 2):
 PSYoungGen      total 24064K, used 24032K [0x00000000eab00000, 0x00000000eca80000, 0x0000000100000000)
  eden space 22016K, 100% used [0x00000000eab00000,0x00000000ec080000,0x00000000ec080000)
  from space 2048K, 98% used [0x00000000ec200000,0x00000000ec3f8020,0x00000000ec400000)
  to   space 5120K, 0% used [0x00000000ec580000,0x00000000ec580000,0x00000000eca80000)
 ParOldGen       total 68608K, used 22109K [0x00000000c0000000, 0x00000000c4300000, 0x00000000eab00000)
  object space 68608K, 32% used [0x00000000c0000000,0x00000000c1597508,0x00000000c4300000)
 Metaspace       used 44646K, committed 45440K, reserved 1089536K
  class space    used 4726K, committed 5056K, reserved 1048576K
}
Event: 15.241 GC heap after
{Heap after GC invocations=20 (full 2):
 PSYoungGen      total 24064K, used 1984K [0x00000000eab00000, 0x00000000ec780000, 0x0000000100000000)
  eden space 22016K, 0% used [0x00000000eab00000,0x00000000eab00000,0x00000000ec080000)
  from space 2048K, 96% used [0x00000000ec580000,0x00000000ec770000,0x00000000ec780000)
  to   space 3072K, 0% used [0x00000000ec180000,0x00000000ec180000,0x00000000ec480000)
 ParOldGen       total 68608K, used 24118K [0x00000000c0000000, 0x00000000c4300000, 0x00000000eab00000)
  object space 68608K, 35% used [0x00000000c0000000,0x00000000c178d9f8,0x00000000c4300000)
 Metaspace       used 44646K, committed 45440K, reserved 1089536K
  class space    used 4726K, committed 5056K, reserved 1048576K
}
Event: 15.375 GC heap before
{Heap before GC invocations=21 (full 2):
 PSYoungGen      total 24064K, used 24000K [0x00000000eab00000, 0x00000000ec780000, 0x0000000100000000)
  eden space 22016K, 100% used [0x00000000eab00000,0x00000000ec080000,0x00000000ec080000)
  from space 2048K, 96% used [0x00000000ec580000,0x00000000ec770000,0x00000000ec780000)
  to   space 3072K, 0% used [0x00000000ec180000,0x00000000ec180000,0x00000000ec480000)
 ParOldGen       total 68608K, used 24118K [0x00000000c0000000, 0x00000000c4300000, 0x00000000eab00000)
  object space 68608K, 35% used [0x00000000c0000000,0x00000000c178d9f8,0x00000000c4300000)
 Metaspace       used 44652K, committed 45440K, reserved 1089536K
  class space    used 4726K, committed 5056K, reserved 1048576K
}
Event: 15.377 GC heap after
{Heap after GC invocations=21 (full 2):
 PSYoungGen      total 24576K, used 2176K [0x00000000eab00000, 0x00000000ec600000, 0x0000000100000000)
  eden space 22016K, 0% used [0x00000000eab00000,0x00000000eab00000,0x00000000ec080000)
  from space 2560K, 85% used [0x00000000ec180000,0x00000000ec3a0010,0x00000000ec400000)
  to   space 2048K, 0% used [0x00000000ec400000,0x00000000ec400000,0x00000000ec600000)
 ParOldGen       total 68608K, used 25998K [0x00000000c0000000, 0x00000000c4300000, 0x00000000eab00000)
  object space 68608K, 37% used [0x00000000c0000000,0x00000000c19639f8,0x00000000c4300000)
 Metaspace       used 44652K, committed 45440K, reserved 1089536K
  class space    used 4726K, committed 5056K, reserved 1048576K
}
Event: 15.514 GC heap before
{Heap before GC invocations=22 (full 2):
 PSYoungGen      total 24576K, used 24192K [0x00000000eab00000, 0x00000000ec600000, 0x0000000100000000)
  eden space 22016K, 100% used [0x00000000eab00000,0x00000000ec080000,0x00000000ec080000)
  from space 2560K, 85% used [0x00000000ec180000,0x00000000ec3a0010,0x00000000ec400000)
  to   space 2048K, 0% used [0x00000000ec400000,0x00000000ec400000,0x00000000ec600000)
 ParOldGen       total 68608K, used 25998K [0x00000000c0000000, 0x00000000c4300000, 0x00000000eab00000)
  object space 68608K, 37% used [0x00000000c0000000,0x00000000c19639f8,0x00000000c4300000)
 Metaspace       used 44904K, committed 45632K, reserved 1089536K
  class space    used 4745K, committed 5056K, reserved 1048576K
}
Event: 15.518 GC heap after
{Heap after GC invocations=22 (full 2):
 PSYoungGen      total 22016K, used 2048K [0x00000000eab00000, 0x00000000ecb80000, 0x0000000100000000)
  eden space 19968K, 0% used [0x00000000eab00000,0x00000000eab00000,0x00000000ebe80000)
  from space 2048K, 100% used [0x00000000ec400000,0x00000000ec600000,0x00000000ec600000)
  to   space 5632K, 0% used [0x00000000ebe80000,0x00000000ebe80000,0x00000000ec400000)
 ParOldGen       total 68608K, used 28678K [0x00000000c0000000, 0x00000000c4300000, 0x00000000eab00000)
  object space 68608K, 41% used [0x00000000c0000000,0x00000000c1c01a08,0x00000000c4300000)
 Metaspace       used 44904K, committed 45632K, reserved 1089536K
  class space    used 4745K, committed 5056K, reserved 1048576K
}
Event: 16.247 GC heap before
{Heap before GC invocations=23 (full 2):
 PSYoungGen      total 22016K, used 22016K [0x00000000eab00000, 0x00000000ecb80000, 0x0000000100000000)
  eden space 19968K, 100% used [0x00000000eab00000,0x00000000ebe80000,0x00000000ebe80000)
  from space 2048K, 100% used [0x00000000ec400000,0x00000000ec600000,0x00000000ec600000)
  to   space 5632K, 0% used [0x00000000ebe80000,0x00000000ebe80000,0x00000000ec400000)
 ParOldGen       total 68608K, used 28678K [0x00000000c0000000, 0x00000000c4300000, 0x00000000eab00000)
  object space 68608K, 41% used [0x00000000c0000000,0x00000000c1c01a08,0x00000000c4300000)
 Metaspace       used 45601K, committed 46400K, reserved 1097728K
  class space    used 4844K, committed 5184K, reserved 1048576K
}
Event: 16.249 GC heap after
{Heap after GC invocations=23 (full 2):
 PSYoungGen      total 20480K, used 416K [0x00000000eab00000, 0x00000000ec480000, 0x0000000100000000)
  eden space 19968K, 0% used [0x00000000eab00000,0x00000000eab00000,0x00000000ebe80000)
  from space 512K, 81% used [0x00000000ebe80000,0x00000000ebee8000,0x00000000ebf00000)
  to   space 2048K, 0% used [0x00000000ec280000,0x00000000ec280000,0x00000000ec480000)
 ParOldGen       total 68608K, used 30734K [0x00000000c0000000, 0x00000000c4300000, 0x00000000eab00000)
  object space 68608K, 44% used [0x00000000c0000000,0x00000000c1e03a08,0x00000000c4300000)
 Metaspace       used 45601K, committed 46400K, reserved 1097728K
  class space    used 4844K, committed 5184K, reserved 1048576K
}
Event: 17.388 GC heap before
{Heap before GC invocations=24 (full 2):
 PSYoungGen      total 20480K, used 20384K [0x00000000eab00000, 0x00000000ec480000, 0x0000000100000000)
  eden space 19968K, 100% used [0x00000000eab00000,0x00000000ebe80000,0x00000000ebe80000)
  from space 512K, 81% used [0x00000000ebe80000,0x00000000ebee8000,0x00000000ebf00000)
  to   space 2048K, 0% used [0x00000000ec280000,0x00000000ec280000,0x00000000ec480000)
 ParOldGen       total 68608K, used 30734K [0x00000000c0000000, 0x00000000c4300000, 0x00000000eab00000)
  object space 68608K, 44% used [0x00000000c0000000,0x00000000c1e03a08,0x00000000c4300000)
 Metaspace       used 45745K, committed 46528K, reserved 1097728K
  class space    used 4844K, committed 5184K, reserved 1048576K
}
Event: 17.389 GC heap after
{Heap after GC invocations=24 (full 2):
 PSYoungGen      total 20480K, used 320K [0x00000000eab00000, 0x00000000ec300000, 0x0000000100000000)
  eden space 19968K, 0% used [0x00000000eab00000,0x00000000eab00000,0x00000000ebe80000)
  from space 512K, 62% used [0x00000000ec280000,0x00000000ec2d0000,0x00000000ec300000)
  to   space 1024K, 0% used [0x00000000ec100000,0x00000000ec100000,0x00000000ec200000)
 ParOldGen       total 68608K, used 30966K [0x00000000c0000000, 0x00000000c4300000, 0x00000000eab00000)
  object space 68608K, 45% used [0x00000000c0000000,0x00000000c1e3da08,0x00000000c4300000)
 Metaspace       used 45745K, committed 46528K, reserved 1097728K
  class space    used 4844K, committed 5184K, reserved 1048576K
}
Event: 18.106 GC heap before
{Heap before GC invocations=25 (full 2):
 PSYoungGen      total 20480K, used 20288K [0x00000000eab00000, 0x00000000ec300000, 0x0000000100000000)
  eden space 19968K, 100% used [0x00000000eab00000,0x00000000ebe80000,0x00000000ebe80000)
  from space 512K, 62% used [0x00000000ec280000,0x00000000ec2d0000,0x00000000ec300000)
  to   space 1024K, 0% used [0x00000000ec100000,0x00000000ec100000,0x00000000ec200000)
 ParOldGen       total 68608K, used 30966K [0x00000000c0000000, 0x00000000c4300000, 0x00000000eab00000)
  object space 68608K, 45% used [0x00000000c0000000,0x00000000c1e3da08,0x00000000c4300000)
 Metaspace       used 46009K, committed 46784K, reserved 1097728K
  class space    used 4879K, committed 5248K, reserved 1048576K
}
Event: 18.107 GC heap after
{Heap after GC invocations=25 (full 2):
 PSYoungGen      total 20992K, used 728K [0x00000000eab00000, 0x00000000ec300000, 0x0000000100000000)
  eden space 19968K, 0% used [0x00000000eab00000,0x00000000eab00000,0x00000000ebe80000)
  from space 1024K, 71% used [0x00000000ec100000,0x00000000ec1b6048,0x00000000ec200000)
  to   space 1024K, 0% used [0x00000000ec200000,0x00000000ec200000,0x00000000ec300000)
 ParOldGen       total 68608K, used 31118K [0x00000000c0000000, 0x00000000c4300000, 0x00000000eab00000)
  object space 68608K, 45% used [0x00000000c0000000,0x00000000c1e63a08,0x00000000c4300000)
 Metaspace       used 46009K, committed 46784K, reserved 1097728K
  class space    used 4879K, committed 5248K, reserved 1048576K
}

Deoptimization events (20 events):
Event: 17.951 Thread 0x00000203ced812d0 DEOPT PACKING pc=0x00000203c0622554 sp=0x00000039195fdc30
Event: 17.951 Thread 0x00000203ced812d0 DEOPT UNPACKING pc=0x00000203b8b020a3 sp=0x00000039195fdb28 mode 2
Event: 17.954 Thread 0x00000203ced812d0 Uncommon trap: trap_request=0xffffff45 fr.pc=0x00000203c07090e4 relative=0x0000000000000064
Event: 17.954 Thread 0x00000203ced812d0 Uncommon trap: reason=unstable_if action=reinterpret pc=0x00000203c07090e4 method=org.eclipse.core.runtime.Path.isAbsolute()Z @ 6 c2
Event: 17.954 Thread 0x00000203ced812d0 DEOPT PACKING pc=0x00000203c07090e4 sp=0x00000039195fdc80
Event: 17.954 Thread 0x00000203ced812d0 DEOPT UNPACKING pc=0x00000203b8b020a3 sp=0x00000039195fdba8 mode 2
Event: 17.974 Thread 0x00000203ced812d0 Uncommon trap: trap_request=0xffffff45 fr.pc=0x00000203c06fba7c relative=0x00000000000002dc
Event: 17.974 Thread 0x00000203ced812d0 Uncommon trap: reason=unstable_if action=reinterpret pc=0x00000203c06fba7c method=org.eclipse.core.internal.watson.ElementTree.includes(Lorg/eclipse/core/runtime/IPath;)Z @ 6 c2
Event: 17.974 Thread 0x00000203ced812d0 DEOPT PACKING pc=0x00000203c06fba7c sp=0x00000039195fe500
Event: 17.974 Thread 0x00000203ced812d0 DEOPT UNPACKING pc=0x00000203b8b020a3 sp=0x00000039195fe4b8 mode 2
Event: 17.974 Thread 0x00000203ced812d0 Uncommon trap: trap_request=0xffffff45 fr.pc=0x00000203c060c8fc relative=0x0000000000000d9c
Event: 17.974 Thread 0x00000203ced812d0 Uncommon trap: reason=unstable_if action=reinterpret pc=0x00000203c060c8fc method=org.eclipse.core.internal.dtree.DeltaDataTree.lookup(Lorg/eclipse/core/runtime/IPath;)Lorg/eclipse/core/internal/dtree/DataTreeLookup; @ 111 c2
Event: 17.974 Thread 0x00000203ced812d0 DEOPT PACKING pc=0x00000203c060c8fc sp=0x00000039195fe450
Event: 17.975 Thread 0x00000203ced812d0 DEOPT UNPACKING pc=0x00000203b8b020a3 sp=0x00000039195fe3f8 mode 2
Event: 17.976 Thread 0x00000203ced812d0 Uncommon trap: trap_request=0xffffffbe fr.pc=0x00000203c0793638 relative=0x0000000000000738
Event: 17.976 Thread 0x00000203ced812d0 Uncommon trap: reason=profile_predicate action=maybe_recompile pc=0x00000203c0793638 method=java.util.TreeMap.getEntryUsingComparator(Ljava/lang/Object;)Ljava/util/TreeMap$Entry; @ 19 c2
Event: 17.976 Thread 0x00000203ced812d0 DEOPT PACKING pc=0x00000203c0793638 sp=0x00000039195fe3d0
Event: 17.976 Thread 0x00000203ced812d0 DEOPT UNPACKING pc=0x00000203b8b020a3 sp=0x00000039195fe2f0 mode 2
Event: 18.175 Thread 0x00000203ced812d0 DEOPT PACKING pc=0x00000203b94b1503 sp=0x00000039195fdeb0
Event: 18.175 Thread 0x00000203ced812d0 DEOPT UNPACKING pc=0x00000203b8b02843 sp=0x00000039195fd408 mode 0

Classes unloaded (7 events):
Event: 2.279 Thread 0x00000203ca3e12e0 Unloading class 0x0000000100214000 'java/lang/invoke/LambdaForm$MH+0x0000000100214000'
Event: 2.279 Thread 0x00000203ca3e12e0 Unloading class 0x0000000100213c00 'java/lang/invoke/LambdaForm$MH+0x0000000100213c00'
Event: 2.279 Thread 0x00000203ca3e12e0 Unloading class 0x0000000100213800 'java/lang/invoke/LambdaForm$MH+0x0000000100213800'
Event: 2.279 Thread 0x00000203ca3e12e0 Unloading class 0x0000000100213400 'java/lang/invoke/LambdaForm$MH+0x0000000100213400'
Event: 2.279 Thread 0x00000203ca3e12e0 Unloading class 0x0000000100212c00 'java/lang/invoke/LambdaForm$BMH+0x0000000100212c00'
Event: 2.279 Thread 0x00000203ca3e12e0 Unloading class 0x0000000100212800 'java/lang/invoke/LambdaForm$DMH+0x0000000100212800'
Event: 2.279 Thread 0x00000203ca3e12e0 Unloading class 0x0000000100210000 'java/lang/invoke/LambdaForm$DMH+0x0000000100210000'

Classes redefined (0 events):
No events

Internal exceptions (20 events):
Event: 15.895 Thread 0x00000203ced812d0 Exception <a 'sun/nio/fs/WindowsException'{0x00000000eb650dc8}> (0x00000000eb650dc8) 
thrown [s\src\hotspot\share\prims\jni.cpp, line 516]
Event: 15.996 Thread 0x00000203ced812d0 Implicit null exception at 0x00000203c08767f5 to 0x00000203c08768a0
Event: 16.021 Thread 0x00000203ced812d0 Exception <a 'java/lang/NoSuchMethodError'{0x00000000ebaec410}: 'java.lang.Object java.lang.invoke.DirectMethodHandle$Holder.newInvokeSpecial(java.lang.Object, java.lang.Object, java.lang.Object, int, java.lang.Object)'> (0x00000000ebaec410) 
thrown [s\src\hotspot\share\interpreter\linkResolver.cpp, line 759]
Event: 16.021 Thread 0x00000203ced812d0 Exception <a 'java/lang/NoSuchMethodError'{0x00000000ebaf05c0}: 'java.lang.Object java.lang.invoke.DirectMethodHandle$Holder.invokeSpecial(java.lang.Object, java.lang.Object, java.lang.Object, java.lang.Object, int, java.lang.Object)'> (0x00000000ebaf05c0) 
thrown [s\src\hotspot\share\interpreter\linkResolver.cpp, line 759]
Event: 16.033 Thread 0x00000203ced812d0 Exception <a 'sun/nio/fs/WindowsException'{0x00000000ebb7d3f0}> (0x00000000ebb7d3f0) 
thrown [s\src\hotspot\share\prims\jni.cpp, line 516]
Event: 16.043 Thread 0x00000203ced812d0 Exception <a 'sun/nio/fs/WindowsException'{0x00000000ebb8bf28}> (0x00000000ebb8bf28) 
thrown [s\src\hotspot\share\prims\jni.cpp, line 516]
Event: 16.045 Thread 0x00000203ced812d0 Exception <a 'sun/nio/fs/WindowsException'{0x00000000ebb8f660}> (0x00000000ebb8f660) 
thrown [s\src\hotspot\share\prims\jni.cpp, line 516]
Event: 16.047 Thread 0x00000203ced812d0 Exception <a 'sun/nio/fs/WindowsException'{0x00000000ebb9b7f8}> (0x00000000ebb9b7f8) 
thrown [s\src\hotspot\share\prims\jni.cpp, line 516]
Event: 16.051 Thread 0x00000203ced812d0 Exception <a 'sun/nio/fs/WindowsException'{0x00000000ebba8188}> (0x00000000ebba8188) 
thrown [s\src\hotspot\share\prims\jni.cpp, line 516]
Event: 17.920 Thread 0x00000203ced812d0 Implicit null exception at 0x00000203c05c47d3 to 0x00000203c05c4e4c
Event: 17.924 Thread 0x00000203ced812d0 Exception <a 'java/lang/ClassNotFoundException'{0x00000000eba4d5a0}: com/sun/org/apache/xerces/internal/impl/msg/spi/DOMMessagesProvider> (0x00000000eba4d5a0) 
thrown [s\src\hotspot\share\classfile\systemDictionary.cpp, line 256]
Event: 17.926 Thread 0x00000203ced812d0 Exception <a 'java/lang/ClassNotFoundException'{0x00000000eba5ecd8}: com/sun/org/apache/xerces/internal/impl/msg/spi/XMLSerializerMessagesProvider> (0x00000000eba5ecd8) 
thrown [s\src\hotspot\share\classfile\systemDictionary.cpp, line 256]
Event: 17.927 Thread 0x00000203ced812d0 Exception <a 'java/lang/ClassNotFoundException'{0x00000000eba6bf60}: com/sun/org/apache/xerces/internal/impl/msg/spi/XMLMessagesProvider> (0x00000000eba6bf60) 
thrown [s\src\hotspot\share\classfile\systemDictionary.cpp, line 256]
Event: 17.941 Thread 0x00000203ced812d0 Exception <a 'java/io/FileNotFoundException'{0x00000000ebaf2d48}> (0x00000000ebaf2d48) 
thrown [s\src\hotspot\share\prims\jni.cpp, line 516]
Event: 17.943 Thread 0x00000203ced812d0 Exception <a 'java/io/FileNotFoundException'{0x00000000ebaf65f0}> (0x00000000ebaf65f0) 
thrown [s\src\hotspot\share\prims\jni.cpp, line 516]
Event: 17.944 Thread 0x00000203ced812d0 Implicit null exception at 0x00000203c05aa15c to 0x00000203c05aae4c
Event: 17.945 Thread 0x00000203ced812d0 Exception <a 'java/io/FileNotFoundException'{0x00000000ebb04b28}> (0x00000000ebb04b28) 
thrown [s\src\hotspot\share\prims\jni.cpp, line 516]
Event: 17.954 Thread 0x00000203ced812d0 Exception <a 'java/io/FileNotFoundException'{0x00000000ebb2eb98}> (0x00000000ebb2eb98) 
thrown [s\src\hotspot\share\prims\jni.cpp, line 516]
Event: 17.955 Thread 0x00000203ced812d0 Exception <a 'java/io/FileNotFoundException'{0x00000000ebb30168}> (0x00000000ebb30168) 
thrown [s\src\hotspot\share\prims\jni.cpp, line 516]
Event: 17.974 Thread 0x00000203ced812d0 Implicit null exception at 0x00000203c06fb846 to 0x00000203c06fba6f

VM Operations (20 events):
Event: 15.375 Executing VM operation: ParallelGCFailedAllocation
Event: 15.377 Executing VM operation: ParallelGCFailedAllocation done
Event: 15.463 Executing VM operation: HandshakeAllThreads
Event: 15.463 Executing VM operation: HandshakeAllThreads done
Event: 15.480 Executing VM operation: HandshakeAllThreads
Event: 15.480 Executing VM operation: HandshakeAllThreads done
Event: 15.493 Executing VM operation: ICBufferFull
Event: 15.493 Executing VM operation: ICBufferFull done
Event: 15.514 Executing VM operation: ParallelGCFailedAllocation
Event: 15.518 Executing VM operation: ParallelGCFailedAllocation done
Event: 15.651 Executing VM operation: HandshakeAllThreads
Event: 15.651 Executing VM operation: HandshakeAllThreads done
Event: 16.247 Executing VM operation: ParallelGCFailedAllocation
Event: 16.249 Executing VM operation: ParallelGCFailedAllocation done
Event: 17.263 Executing VM operation: Cleanup
Event: 17.263 Executing VM operation: Cleanup done
Event: 17.388 Executing VM operation: ParallelGCFailedAllocation
Event: 17.389 Executing VM operation: ParallelGCFailedAllocation done
Event: 18.106 Executing VM operation: ParallelGCFailedAllocation
Event: 18.107 Executing VM operation: ParallelGCFailedAllocation done

Events (20 events):
Event: 17.926 loading class com/sun/org/apache/xerces/internal/impl/msg/XMLSerializerMessages_en_IN done
Event: 17.927 loading class com/sun/org/apache/xerces/internal/impl/msg/XMLMessages
Event: 17.927 loading class com/sun/org/apache/xerces/internal/impl/msg/XMLMessages done
Event: 17.927 loading class com/sun/org/apache/xerces/internal/impl/msg/XMLMessages
Event: 17.927 loading class com/sun/org/apache/xerces/internal/impl/msg/XMLMessages done
Event: 17.928 loading class com/sun/org/apache/xerces/internal/impl/msg/XMLMessages_en
Event: 17.928 loading class com/sun/org/apache/xerces/internal/impl/msg/XMLMessages_en done
Event: 17.928 loading class com/sun/org/apache/xerces/internal/impl/msg/XMLMessages_en
Event: 17.928 loading class com/sun/org/apache/xerces/internal/impl/msg/XMLMessages_en done
Event: 17.928 loading class com/sun/org/apache/xerces/internal/impl/msg/XMLMessages_en_IN
Event: 17.928 loading class com/sun/org/apache/xerces/internal/impl/msg/XMLMessages_en_IN done
Event: 17.928 loading class com/sun/org/apache/xerces/internal/impl/msg/XMLMessages_en_IN
Event: 17.928 loading class com/sun/org/apache/xerces/internal/impl/msg/XMLMessages_en_IN done
Event: 17.948 Thread 0x00000203cd53b380 Thread added: 0x00000203cd53b380
Event: 17.952 Thread 0x00000203d1fa00b0 Thread added: 0x00000203d1fa00b0
Event: 17.952 loading class java/util/WeakHashMap$KeyIterator
Event: 17.952 loading class java/util/WeakHashMap$KeyIterator done
Event: 17.972 loading class java/util/Hashtable$KeySet
Event: 17.972 loading class java/util/Hashtable$KeySet done
Event: 18.121 Thread 0x00000203d1fa00b0 Thread exited: 0x00000203d1fa00b0


Dynamic libraries:
0x00007ff7bcf20000 - 0x00007ff7bcf2e000 	c:\Users\LENOVO\.antigravity\extensions\redhat.java-1.12.0-win32-x64\jre\17.0.4.1-win32-x86_64\bin\java.exe
0x00007ffcc15a0000 - 0x00007ffcc1807000 	C:\Windows\SYSTEM32\ntdll.dll
0x00007ffcbfff0000 - 0x00007ffcc00b9000 	C:\Windows\System32\KERNEL32.DLL
0x00007ffcbe2d0000 - 0x00007ffcbe6c1000 	C:\Windows\System32\KERNELBASE.dll
0x00007ffcbf0c0000 - 0x00007ffcbf20b000 	C:\Windows\System32\ucrtbase.dll
0x00007ffc2dfb0000 - 0x00007ffc2dfc8000 	c:\Users\LENOVO\.antigravity\extensions\redhat.java-1.12.0-win32-x64\jre\17.0.4.1-win32-x86_64\bin\jli.dll
0x00007ffcc04b0000 - 0x00007ffcc0675000 	C:\Windows\System32\USER32.dll
0x00007ffcbe0b0000 - 0x00007ffcbe0d7000 	C:\Windows\System32\win32u.dll
0x00007ffcc0200000 - 0x00007ffcc022b000 	C:\Windows\System32\GDI32.dll
0x00007ffcbf210000 - 0x00007ffcbf33b000 	C:\Windows\System32\gdi32full.dll
0x00007ffcbe0e0000 - 0x00007ffcbe183000 	C:\Windows\System32\msvcp_win.dll
0x00007ffc55020000 - 0x00007ffc55039000 	c:\Users\LENOVO\.antigravity\extensions\redhat.java-1.12.0-win32-x64\jre\17.0.4.1-win32-x86_64\bin\VCRUNTIME140.dll
0x00007ffc9a930000 - 0x00007ffc9abc3000 	C:\Windows\WinSxS\amd64_microsoft.windows.common-controls_6595b64144ccf1df_6.0.26100.8037_none_3e092faae333b53b\COMCTL32.dll
0x00007ffcc0240000 - 0x00007ffcc02e9000 	C:\Windows\System32\msvcrt.dll
0x00007ffcbfa90000 - 0x00007ffcbfac1000 	C:\Windows\System32\IMM32.DLL
0x00007ffc951c0000 - 0x00007ffc951cc000 	c:\Users\LENOVO\.antigravity\extensions\redhat.java-1.12.0-win32-x64\jre\17.0.4.1-win32-x86_64\bin\vcruntime140_1.dll
0x00007ffc113f0000 - 0x00007ffc11481000 	c:\Users\LENOVO\.antigravity\extensions\redhat.java-1.12.0-win32-x64\jre\17.0.4.1-win32-x86_64\bin\msvcp140.dll
0x00007ffbe6380000 - 0x00007ffbe6fc6000 	c:\Users\LENOVO\.antigravity\extensions\redhat.java-1.12.0-win32-x64\jre\17.0.4.1-win32-x86_64\bin\server\jvm.dll
0x00007ffcc0310000 - 0x00007ffcc03cb000 	C:\Windows\System32\ADVAPI32.dll
0x00007ffcc0680000 - 0x00007ffcc0727000 	C:\Windows\System32\sechost.dll
0x00007ffcbf8e0000 - 0x00007ffcbf9f8000 	C:\Windows\System32\RPCRT4.dll
0x00007ffcbf520000 - 0x00007ffcbf528000 	C:\Windows\System32\PSAPI.DLL
0x00007ffc95170000 - 0x00007ffc9517a000 	C:\Windows\SYSTEM32\WSOCK32.dll
0x00007ffcbfa10000 - 0x00007ffcbfa84000 	C:\Windows\System32\WS2_32.dll
0x00007ffcb3030000 - 0x00007ffcb303b000 	C:\Windows\SYSTEM32\VERSION.dll
0x00007ffcb86b0000 - 0x00007ffcb86e5000 	C:\Windows\SYSTEM32\WINMM.dll
0x00007ffcbcd00000 - 0x00007ffcbcd1b000 	C:\Windows\SYSTEM32\kernel.appcore.dll
0x00007ffc930c0000 - 0x00007ffc930ca000 	c:\Users\LENOVO\.antigravity\extensions\redhat.java-1.12.0-win32-x64\jre\17.0.4.1-win32-x86_64\bin\jimage.dll
0x00007ffcbbd20000 - 0x00007ffcbbf62000 	C:\Windows\SYSTEM32\DBGHELP.DLL
0x00007ffcc10a0000 - 0x00007ffcc1422000 	C:\Windows\System32\combase.dll
0x00007ffcc03d0000 - 0x00007ffcc04a7000 	C:\Windows\System32\OLEAUT32.dll
0x00007ffc93490000 - 0x00007ffc934cb000 	C:\Windows\SYSTEM32\dbgcore.DLL
0x00007ffcbe190000 - 0x00007ffcbe235000 	C:\Windows\System32\bcryptPrimitives.dll
0x00007ffc8a4f0000 - 0x00007ffc8a4fe000 	c:\Users\LENOVO\.antigravity\extensions\redhat.java-1.12.0-win32-x64\jre\17.0.4.1-win32-x86_64\bin\instrument.dll
0x00007ffc14650000 - 0x00007ffc14675000 	c:\Users\LENOVO\.antigravity\extensions\redhat.java-1.12.0-win32-x64\jre\17.0.4.1-win32-x86_64\bin\java.dll
0x00007ffc2b010000 - 0x00007ffc2b028000 	c:\Users\LENOVO\.antigravity\extensions\redhat.java-1.12.0-win32-x64\jre\17.0.4.1-win32-x86_64\bin\zip.dll
0x00007ffcc0830000 - 0x00007ffcc0f8f000 	C:\Windows\System32\SHELL32.dll
0x00007ffcbde80000 - 0x00007ffcbdfea000 	C:\Windows\System32\wintypes.dll
0x00007ffcbe6d0000 - 0x00007ffcbef34000 	C:\Windows\System32\windows.storage.dll
0x00007ffcc0730000 - 0x00007ffcc0827000 	C:\Windows\System32\SHCORE.dll
0x00007ffcbf870000 - 0x00007ffcbf8d7000 	C:\Windows\System32\shlwapi.dll
0x00007ffcbdda0000 - 0x00007ffcbddc9000 	C:\Windows\SYSTEM32\profapi.dll
0x00007ffc2acb0000 - 0x00007ffc2acc9000 	C:\Users\LENOVO\.antigravity\extensions\redhat.java-1.12.0-win32-x64\jre\17.0.4.1-win32-x86_64\bin\net.dll
0x00007ffcb48e0000 - 0x00007ffcb4a07000 	C:\Windows\SYSTEM32\WINHTTP.dll
0x00007ffcbd280000 - 0x00007ffcbd2eb000 	C:\Windows\system32\mswsock.dll
0x00007ffc29800000 - 0x00007ffc29815000 	C:\Users\LENOVO\.antigravity\extensions\redhat.java-1.12.0-win32-x64\jre\17.0.4.1-win32-x86_64\bin\nio.dll
0x00007ffc89fe0000 - 0x00007ffc89ff0000 	c:\Users\LENOVO\.antigravity\extensions\redhat.java-1.12.0-win32-x64\jre\17.0.4.1-win32-x86_64\bin\verify.dll
0x00007ffc0f470000 - 0x00007ffc0f4ae000 	C:\Users\LENOVO\AppData\Roaming\Antigravity\User\globalStorage\redhat.java\1.12.0\config_win\org.eclipse.equinox.launcher\org.eclipse.equinox.launcher.win32.win32.x86_64_1.2.600.v20220720-1916\eclipse_11700.dll
0x00007ffcbf380000 - 0x00007ffcbf515000 	C:\Windows\System32\ole32.dll
0x00007ffc89970000 - 0x00007ffc89979000 	C:\Users\LENOVO\.antigravity\extensions\redhat.java-1.12.0-win32-x64\jre\17.0.4.1-win32-x86_64\bin\management.dll
0x00007ffc895b0000 - 0x00007ffc895bb000 	C:\Users\LENOVO\.antigravity\extensions\redhat.java-1.12.0-win32-x64\jre\17.0.4.1-win32-x86_64\bin\management_ext.dll
0x00007ffcbd590000 - 0x00007ffcbd5ab000 	C:\Windows\SYSTEM32\CRYPTSP.dll
0x00007ffcbcc60000 - 0x00007ffcbcc99000 	C:\Windows\system32\rsaenh.dll
0x00007ffcbd350000 - 0x00007ffcbd382000 	C:\Windows\SYSTEM32\USERENV.dll
0x00007ffcbdd70000 - 0x00007ffcbdd9a000 	C:\Windows\SYSTEM32\bcrypt.dll
0x00007ffcbd580000 - 0x00007ffcbd58c000 	C:\Windows\SYSTEM32\CRYPTBASE.dll
0x00007ffcbc610000 - 0x00007ffcbc643000 	C:\Windows\SYSTEM32\IPHLPAPI.DLL
0x00007ffcbf370000 - 0x00007ffcbf37a000 	C:\Windows\System32\NSI.dll
0x00007ffcb4710000 - 0x00007ffcb472d000 	C:\Windows\SYSTEM32\dhcpcsvc6.DLL
0x00007ffcb46e0000 - 0x00007ffcb4703000 	C:\Windows\SYSTEM32\dhcpcsvc.DLL
0x00007ffcbc650000 - 0x00007ffcbc77a000 	C:\Windows\SYSTEM32\DNSAPI.dll
0x00007ffc01790000 - 0x00007ffc017d0000 	C:\Users\LENOVO\AppData\Local\Temp\jna--2053026509\jna16170011490761657823.dll
0x00007ffc88de0000 - 0x00007ffc88dee000 	C:\Users\LENOVO\.antigravity\extensions\redhat.java-1.12.0-win32-x64\jre\17.0.4.1-win32-x86_64\bin\sunmscapi.dll
0x00007ffcbef40000 - 0x00007ffcbf0b7000 	C:\Windows\System32\CRYPT32.dll
0x00007ffcbd7a0000 - 0x00007ffcbd7d0000 	C:\Windows\SYSTEM32\ncrypt.dll
0x00007ffcbd750000 - 0x00007ffcbd78f000 	C:\Windows\SYSTEM32\NTASN1.dll
0x00007ffca89b0000 - 0x00007ffca89bb000 	C:\Windows\System32\rasadhlp.dll
0x00007ffcb3d50000 - 0x00007ffcb3dd6000 	C:\Windows\System32\fwpuclnt.dll

dbghelp: loaded successfully - version: 4.0.5 - missing functions: none
symbol engine: initialized successfully - sym options: 0x614 - pdb path: .;c:\Users\LENOVO\.antigravity\extensions\redhat.java-1.12.0-win32-x64\jre\17.0.4.1-win32-x86_64\bin;C:\Windows\SYSTEM32;C:\Windows\WinSxS\amd64_microsoft.windows.common-controls_6595b64144ccf1df_6.0.26100.8037_none_3e092faae333b53b;c:\Users\LENOVO\.antigravity\extensions\redhat.java-1.12.0-win32-x64\jre\17.0.4.1-win32-x86_64\bin\server;C:\Users\LENOVO\AppData\Roaming\Antigravity\User\globalStorage\redhat.java\1.12.0\config_win\org.eclipse.equinox.launcher\org.eclipse.equinox.launcher.win32.win32.x86_64_1.2.600.v20220720-1916;C:\Users\LENOVO\AppData\Local\Temp\jna--2053026509

VM Arguments:
jvm_args: --add-modules=ALL-SYSTEM --add-opens=java.base/java.util=ALL-UNNAMED --add-opens=java.base/java.lang=ALL-UNNAMED --add-opens=java.base/sun.nio.fs=ALL-UNNAMED -Declipse.application=org.eclipse.jdt.ls.core.id1 -Dosgi.bundles.defaultStartLevel=4 -Declipse.product=org.eclipse.jdt.ls.core.product -Djava.import.generatesMetadataFilesAtProjectRoot=false -Dfile.encoding=utf8 -XX:+UseParallelGC -XX:GCTimeRatio=4 -XX:AdaptiveSizePolicyWeight=90 -Dsun.zip.disableMemoryMapping=true -Xmx1G -Xms100m -Xlog:disable -javaagent:c:\Users\LENOVO\.antigravity\extensions\redhat.java-1.12.0-win32-x64\lombok\lombok-1.18.24.jar -XX:+HeapDumpOnOutOfMemoryError -XX:HeapDumpPath=c:\Users\LENOVO\AppData\Roaming\Antigravity\User\workspaceStorage\4f07680e74e7cd7b2922071f878adf02\redhat.java 
java_command: c:\Users\LENOVO\.antigravity\extensions\redhat.java-1.12.0-win32-x64\server\plugins\org.eclipse.equinox.launcher_1.6.400.v20210924-0641.jar -configuration c:\Users\LENOVO\AppData\Roaming\Antigravity\User\globalStorage\redhat.java\1.12.0\config_win -data c:\Users\LENOVO\AppData\Roaming\Antigravity\User\workspaceStorage\4f07680e74e7cd7b2922071f878adf02\redhat.java\jdt_ws
java_class_path (initial): c:\Users\LENOVO\.antigravity\extensions\redhat.java-1.12.0-win32-x64\server\plugins\org.eclipse.equinox.launcher_1.6.400.v20210924-0641.jar
Launcher Type: SUN_STANDARD

[Global flags]
    uintx AdaptiveSizePolicyWeight                 = 90                                        {product} {command line}
     intx CICompilerCount                          = 4                                         {product} {ergonomic}
    uintx GCTimeRatio                              = 4                                         {product} {command line}
     bool HeapDumpOnOutOfMemoryError               = true                                   {manageable} {command line}
    ccstr HeapDumpPath                             = c:\Users\LENOVO\AppData\Roaming\Antigravity\User\workspaceStorage\4f07680e74e7cd7b2922071f878adf02\redhat.java         {manageable} {command line}
   size_t InitialHeapSize                          = 104857600                                 {product} {command line}
   size_t MaxHeapSize                              = 1073741824                                {product} {command line}
   size_t MaxNewSize                               = 357564416                                 {product} {ergonomic}
   size_t MinHeapDeltaBytes                        = 524288                                    {product} {ergonomic}
   size_t MinHeapSize                              = 104857600                                 {product} {command line}
   size_t NewSize                                  = 34603008                                  {product} {ergonomic}
    uintx NonNMethodCodeHeapSize                   = 5839372                                {pd product} {ergonomic}
    uintx NonProfiledCodeHeapSize                  = 122909434                              {pd product} {ergonomic}
   size_t OldSize                                  = 70254592                                  {product} {ergonomic}
    uintx ProfiledCodeHeapSize                     = 122909434                              {pd product} {ergonomic}
    uintx ReservedCodeCacheSize                    = 251658240                              {pd product} {ergonomic}
     bool SegmentedCodeCache                       = true                                      {product} {ergonomic}
   size_t SoftMaxHeapSize                          = 1073741824                             {manageable} {ergonomic}
     bool UseCompressedClassPointers               = true                           {product lp64_product} {ergonomic}
     bool UseCompressedOops                        = true                           {product lp64_product} {ergonomic}
     bool UseLargePagesIndividualAllocation        = false                                  {pd product} {ergonomic}
     bool UseParallelGC                            = true                                      {product} {command line}

Logging:
Log output configuration:
 #0: stdout all=off uptime,level,tags
 #1: stderr all=off uptime,level,tags

Environment Variables:
JAVA_HOME=D:\Android\jbr
PATH=C:\Program Files\Microsoft\jdk-17.0.18.8-hotspot\bin;C:\Program Files\Python312\Scripts\;C:\Program Files\Python312\;C:\Python314\Scripts\;C:\Python314\;C:\Windows\system32;C:\Windows;C:\Windows\System32\Wbem;C:\Windows\System32\WindowsPowerShell\v1.0\;C:\Windows\System32\OpenSSH\;C:\Program Files (x86)\NVIDIA Corporation\PhysX\Common;C:\msys64\ucrt64\bin;C:\Program Files\nodejs\;C:\ProgramData\chocolatey\bin;C:\Program Files\NVIDIA Corporation\NVIDIA App\NvDLISR;C:\gcc\bin;C:\Program Files\PowerShell\7\;D:\Program Files\Git\cmd;D:\Android\jbr\bin;C:\Program Files\MongoDB\Server\8.2\bin;C:\Users\LENOVO\AppData\Local\Microsoft\WindowsApps;C:\msys64\ucrt64;C:\Users\LENOVO\AppData\Roaming\npm;C:\Program Files\mongosh\;D:\Antigravity\bin
USERNAME=LENOVO
OS=Windows_NT
PROCESSOR_IDENTIFIER=Intel64 Family 6 Model 151 Stepping 2, GenuineIntel
TMP=C:\Users\LENOVO\AppData\Local\Temp
TEMP=C:\Users\LENOVO\AppData\Local\Temp



---------------  S Y S T E M  ---------------

OS:
 Windows 11 , 64 bit Build 26100 (10.0.26100.7920)
OS uptime: 3 days 16:15 hours
Hyper-V role detected

CPU: total 12 (initial active 12) (6 cores per cpu, 2 threads per core) family 6 model 151 stepping 2 microcode 0x3a, cx8, cmov, fxsr, ht, mmx, 3dnowpref, sse, sse2, sse3, ssse3, sse4.1, sse4.2, popcnt, lzcnt, tsc, tscinvbit, avx, avx2, aes, erms, clmul, bmi1, bmi2, adx, sha, fma, vzeroupper, clflush, clflushopt, clwb, hv

Memory: 4k page, system-wide physical 16091M (1326M free)
TotalPageFile size 23469M (AvailPageFile size 0M)
current process WorkingSet (physical memory assigned to process): 206M, peak: 211M
current process commit charge ("private bytes"): 285M, peak: 311M

vm_info: OpenJDK 64-Bit Server VM (17.0.4.1+1) for windows-amd64 JRE (17.0.4.1+1), built on Aug 17 2022 07:42:43 by "temurin" with MS VC++ 16.7 (VS2019)

END.
